<?xml version="1.0" encoding="UTF-8"?>
<testng-results ignored="0" total="1" passed="1" failed="0" skipped="0">
  <reporter-output>
  </reporter-output>
  <suite started-at="2022-12-28T21:59:00 EST" name="Default suite" finished-at="2022-12-28T21:59:10 EST" duration-ms="9353">
    <groups>
    </groups>
    <test started-at="2022-12-28T21:59:00 EST" name="Default test" finished-at="2022-12-28T21:59:10 EST" duration-ms="9353">
      <class name="com.Assignment17.AutomationFrameworkTest.AccountLogoutTest">
        <test-method is-config="true" signature="setUp()[pri:0, instance:com.Assignment17.AutomationFrameworkTest.AccountLogoutTest@7690781]" started-at="2022-12-28T21:59:00 EST" name="setUp" finished-at="2022-12-28T21:59:08 EST" duration-ms="7541" status="PASS">
          <reporter-output>
          </reporter-output>
        </test-method> <!-- setUp -->
        <test-method signature="verifyUserIsAbleToLogoutSuccesfully()[pri:0, instance:com.Assignment17.AutomationFrameworkTest.AccountLogoutTest@7690781]" started-at="2022-12-28T21:59:08 EST" name="verifyUserIsAbleToLogoutSuccesfully" finished-at="2022-12-28T21:59:09 EST" duration-ms="1461" status="PASS">
          <reporter-output>
          </reporter-output>
        </test-method> <!-- verifyUserIsAbleToLogoutSuccesfully -->
        <test-method is-config="true" signature="tearDown()[pri:0, instance:com.Assignment17.AutomationFrameworkTest.AccountLogoutTest@7690781]" started-at="2022-12-28T21:59:09 EST" name="tearDown" finished-at="2022-12-28T21:59:10 EST" duration-ms="298" status="PASS">
          <reporter-output>
          </reporter-output>
        </test-method> <!-- tearDown -->
      </class> <!-- com.Assignment17.AutomationFrameworkTest.AccountLogoutTest -->
    </test> <!-- Default test -->
  </suite> <!-- Default suite -->
</testng-results>
